[0m14:35:41.894954 [debug] [MainThread]: Sending event: {'category': 'dbt', 'action': 'invocation', 'label': 'start', 'context': [<snowplow_tracker.self_describing_json.SelfDescribingJson object at 0x0000020F284227B0>, <snowplow_tracker.self_describing_json.SelfDescribingJson object at 0x0000020F27B540E0>, <snowplow_tracker.self_describing_json.SelfDescribingJson object at 0x0000020F24C83B30>]}


============================== 14:35:41.906508 | 29cb4d60-640d-4180-8c49-0d420959db60 ==============================
[0m14:35:41.906508 [info ] [MainThread]: Running with dbt=1.9.2
[0m14:35:41.906508 [debug] [MainThread]: running dbt with arguments {'printer_width': '80', 'indirect_selection': 'eager', 'write_json': 'True', 'log_cache_events': 'False', 'partial_parse': 'True', 'cache_selected_only': 'False', 'warn_error': 'None', 'debug': 'False', 'profiles_dir': 'C:\\Users\\KARTIKEY\\.dbt', 'log_path': 'logs', 'version_check': 'True', 'fail_fast': 'False', 'use_colors': 'True', 'use_experimental_parser': 'False', 'empty': 'None', 'quiet': 'False', 'no_print': 'None', 'warn_error_options': 'WarnErrorOptions(include=[], exclude=[])', 'static_parser': 'True', 'introspect': 'True', 'log_format': 'default', 'target_path': 'None', 'invocation_command': 'dbt init prj_snowflake', 'send_anonymous_usage_stats': 'True'}
[0m14:35:41.933542 [debug] [MainThread]: Starter project path: C:\Users\KARTIKEY\OneDrive\Desktop\fidelity\snowflake\env_snowflake\Lib\site-packages\dbt\include\starter_project
[0m14:35:41.957520 [info ] [MainThread]: 
Your new dbt project "prj_snowflake" was created!

For more information on how to configure the profiles.yml file,
please consult the dbt documentation here:

  https://docs.getdbt.com/docs/configure-your-profile

One more thing:

Need help? Don't hesitate to reach out to us via GitHub issues or on Slack:

  https://community.getdbt.com/

Happy modeling!

[0m14:35:41.959509 [info ] [MainThread]: Setting up your profile.
[0m14:38:15.702304 [info ] [MainThread]: Profile prj_snowflake written to C:\Users\KARTIKEY\.dbt\profiles.yml using target's profile_template.yml and your supplied values. Run 'dbt debug' to validate the connection.
[0m14:38:15.704303 [debug] [MainThread]: Command `dbt init` succeeded at 14:38:15.704303 after 154.02 seconds
[0m14:38:15.704810 [debug] [MainThread]: Sending event: {'category': 'dbt', 'action': 'invocation', 'label': 'end', 'context': [<snowplow_tracker.self_describing_json.SelfDescribingJson object at 0x0000020F222A9610>, <snowplow_tracker.self_describing_json.SelfDescribingJson object at 0x0000020F29114B30>, <snowplow_tracker.self_describing_json.SelfDescribingJson object at 0x0000020F284D2F00>]}
[0m14:38:15.705815 [debug] [MainThread]: Flushing usage events
[0m14:38:16.842382 [debug] [MainThread]: An error was encountered while trying to flush usage events
[0m14:45:22.968162 [debug] [MainThread]: Sending event: {'category': 'dbt', 'action': 'invocation', 'label': 'start', 'context': [<snowplow_tracker.self_describing_json.SelfDescribingJson object at 0x000001A7BD677110>, <snowplow_tracker.self_describing_json.SelfDescribingJson object at 0x000001A7BD6BEDE0>, <snowplow_tracker.self_describing_json.SelfDescribingJson object at 0x000001A7BD5E75F0>]}


============================== 14:45:22.972164 | 1ceefcfc-0f04-4f50-a134-1f9cdc90ab4a ==============================
[0m14:45:22.972164 [info ] [MainThread]: Running with dbt=1.9.2
[0m14:45:22.973129 [debug] [MainThread]: running dbt with arguments {'printer_width': '80', 'indirect_selection': 'eager', 'write_json': 'True', 'log_cache_events': 'False', 'partial_parse': 'True', 'cache_selected_only': 'False', 'warn_error': 'None', 'fail_fast': 'False', 'version_check': 'True', 'log_path': 'logs', 'debug': 'False', 'profiles_dir': 'C:\\Users\\KARTIKEY\\.dbt', 'use_colors': 'True', 'use_experimental_parser': 'False', 'no_print': 'None', 'quiet': 'False', 'empty': 'None', 'warn_error_options': 'WarnErrorOptions(include=[], exclude=[])', 'invocation_command': 'dbt init prj_snowflake', 'static_parser': 'True', 'introspect': 'True', 'target_path': 'None', 'log_format': 'default', 'send_anonymous_usage_stats': 'True'}
[0m14:45:22.998128 [info ] [MainThread]: A project called prj_snowflake already exists here.
[0m14:45:23.000096 [debug] [MainThread]: Command `dbt init` succeeded at 14:45:23.000096 after 0.16 seconds
[0m14:45:23.001092 [debug] [MainThread]: Sending event: {'category': 'dbt', 'action': 'invocation', 'label': 'end', 'context': [<snowplow_tracker.self_describing_json.SelfDescribingJson object at 0x000001A7BD93B590>, <snowplow_tracker.self_describing_json.SelfDescribingJson object at 0x000001A7BDC63590>, <snowplow_tracker.self_describing_json.SelfDescribingJson object at 0x000001A7BD36D430>]}
[0m14:45:23.001092 [debug] [MainThread]: Flushing usage events
[0m14:45:23.983420 [debug] [MainThread]: An error was encountered while trying to flush usage events
[0m14:46:07.634906 [debug] [MainThread]: Sending event: {'category': 'dbt', 'action': 'invocation', 'label': 'start', 'context': [<snowplow_tracker.self_describing_json.SelfDescribingJson object at 0x0000028110D21280>, <snowplow_tracker.self_describing_json.SelfDescribingJson object at 0x000002810E280860>, <snowplow_tracker.self_describing_json.SelfDescribingJson object at 0x00000281101830E0>]}


============================== 14:46:07.639908 | 6ac49e90-fe05-4a2a-ab08-94f77de70373 ==============================
[0m14:46:07.639908 [info ] [MainThread]: Running with dbt=1.9.2
[0m14:46:07.640908 [debug] [MainThread]: running dbt with arguments {'printer_width': '80', 'indirect_selection': 'eager', 'log_cache_events': 'False', 'write_json': 'True', 'partial_parse': 'True', 'cache_selected_only': 'False', 'warn_error': 'None', 'version_check': 'True', 'debug': 'False', 'log_path': 'logs', 'profiles_dir': 'C:\\Users\\KARTIKEY\\.dbt', 'fail_fast': 'False', 'use_colors': 'True', 'use_experimental_parser': 'False', 'no_print': 'None', 'quiet': 'False', 'empty': 'None', 'log_format': 'default', 'introspect': 'True', 'warn_error_options': 'WarnErrorOptions(include=[], exclude=[])', 'static_parser': 'True', 'target_path': 'None', 'invocation_command': 'dbt init prj_snowflake', 'send_anonymous_usage_stats': 'True'}
[0m14:46:07.666906 [debug] [MainThread]: Starter project path: C:\Users\KARTIKEY\OneDrive\Desktop\fidelity\snowflake\env_snowflake\Lib\site-packages\dbt\include\starter_project
[0m14:46:07.702468 [info ] [MainThread]: 
Your new dbt project "prj_snowflake" was created!

For more information on how to configure the profiles.yml file,
please consult the dbt documentation here:

  https://docs.getdbt.com/docs/configure-your-profile

One more thing:

Need help? Don't hesitate to reach out to us via GitHub issues or on Slack:

  https://community.getdbt.com/

Happy modeling!

[0m14:46:07.704467 [info ] [MainThread]: Setting up your profile.
[0m14:47:35.178311 [info ] [MainThread]: Profile prj_snowflake written to C:\Users\KARTIKEY\.dbt\profiles.yml using target's profile_template.yml and your supplied values. Run 'dbt debug' to validate the connection.
[0m14:47:35.187333 [debug] [MainThread]: Command `dbt init` succeeded at 14:47:35.185331 after 87.69 seconds
[0m14:47:35.189333 [debug] [MainThread]: Sending event: {'category': 'dbt', 'action': 'invocation', 'label': 'end', 'context': [<snowplow_tracker.self_describing_json.SelfDescribingJson object at 0x00000281110A7830>, <snowplow_tracker.self_describing_json.SelfDescribingJson object at 0x0000028110CF54F0>, <snowplow_tracker.self_describing_json.SelfDescribingJson object at 0x000002810AB2BC80>]}
[0m14:47:35.191331 [debug] [MainThread]: Flushing usage events
[0m14:47:36.199347 [debug] [MainThread]: An error was encountered while trying to flush usage events
