[0m16:03:45.603983 [debug] [MainThread]: Sending event: {'category': 'dbt', 'action': 'invocation', 'label': 'start', 'context': [<snowplow_tracker.self_describing_json.SelfDescribingJson object at 0x000002C5F2A51190>, <snowplow_tracker.self_describing_json.SelfDescribingJson object at 0x000002C5F2A51E80>, <snowplow_tracker.self_describing_json.SelfDescribingJson object at 0x000002C5F2A50E60>]}


============================== 16:03:45.615331 | c9a79539-adca-4810-8c1f-5c1fe8dd7d8b ==============================
[0m16:03:45.615331 [info ] [MainThread]: Running with dbt=1.7.19
[0m16:03:45.616331 [debug] [MainThread]: running dbt with arguments {'printer_width': '80', 'indirect_selection': 'eager', 'write_json': 'True', 'log_cache_events': 'False', 'partial_parse': 'True', 'cache_selected_only': 'False', 'warn_error': 'None', 'version_check': 'True', 'debug': 'False', 'log_path': 'logs', 'profiles_dir': 'C:\\Users\\KARTIKEY\\.dbt', 'fail_fast': 'False', 'use_colors': 'True', 'use_experimental_parser': 'False', 'no_print': 'None', 'quiet': 'False', 'log_format': 'default', 'static_parser': 'True', 'invocation_command': 'dbt init', 'introspect': 'True', 'target_path': 'None', 'warn_error_options': 'WarnErrorOptions(include=[], exclude=[])', 'send_anonymous_usage_stats': 'True'}
[0m16:03:45.617331 [warn ] [MainThread]: [ConfigFolderDirectory]: Unable to parse dict {'dir': WindowsPath('C:/Users/KARTIKEY/.dbt')}
[0m16:03:45.618350 [info ] [MainThread]: Creating dbt configuration folder at 
[0m16:06:10.643166 [debug] [MainThread]: Starter project path: C:\Users\KARTIKEY\OneDrive\Desktop\fidelity\prj_middleware\env_middleware\Lib\site-packages\dbt\include\starter_project
[0m16:06:10.678342 [info ] [MainThread]: 
Your new dbt project "dbt_mysql" was created!

For more information on how to configure the profiles.yml file,
please consult the dbt documentation here:

  https://docs.getdbt.com/docs/configure-your-profile

One more thing:

Need help? Don't hesitate to reach out to us via GitHub issues or on Slack:

  https://community.getdbt.com/

Happy modeling!

[0m16:06:10.680340 [info ] [MainThread]: Setting up your profile.
[0m16:06:48.423618 [info ] [MainThread]: Profile dbt_mysql written to C:\Users\KARTIKEY\.dbt\profiles.yml using target's sample configuration. Once updated, you'll be able to start developing with dbt.
[0m16:06:48.424625 [debug] [MainThread]: Command `dbt init` succeeded at 16:06:48.424625 after 182.93 seconds
[0m16:06:48.425618 [debug] [MainThread]: Sending event: {'category': 'dbt', 'action': 'invocation', 'label': 'end', 'context': [<snowplow_tracker.self_describing_json.SelfDescribingJson object at 0x000002C5F2774BF0>, <snowplow_tracker.self_describing_json.SelfDescribingJson object at 0x000002C5F2777A70>, <snowplow_tracker.self_describing_json.SelfDescribingJson object at 0x000002C5F267FB30>]}
[0m16:06:48.426621 [debug] [MainThread]: Flushing usage events
[0m16:09:42.711800 [debug] [MainThread]: Sending event: {'category': 'dbt', 'action': 'invocation', 'label': 'start', 'context': [<snowplow_tracker.self_describing_json.SelfDescribingJson object at 0x00000204F5B578C0>, <snowplow_tracker.self_describing_json.SelfDescribingJson object at 0x00000204F5B565D0>, <snowplow_tracker.self_describing_json.SelfDescribingJson object at 0x00000204F5B56A80>]}


============================== 16:09:42.718761 | 2dd73a9e-be1a-4743-ae76-0cb0aa17d41d ==============================
[0m16:09:42.718761 [info ] [MainThread]: Running with dbt=1.7.19
[0m16:09:42.719761 [debug] [MainThread]: running dbt with arguments {'printer_width': '80', 'indirect_selection': 'eager', 'log_cache_events': 'False', 'write_json': 'True', 'partial_parse': 'True', 'cache_selected_only': 'False', 'profiles_dir': 'C:\\Users\\KARTIKEY\\.dbt', 'fail_fast': 'False', 'warn_error': 'None', 'log_path': 'logs', 'debug': 'False', 'version_check': 'True', 'use_colors': 'True', 'use_experimental_parser': 'False', 'no_print': 'None', 'quiet': 'False', 'log_format': 'default', 'invocation_command': 'dbt debug', 'warn_error_options': 'WarnErrorOptions(include=[], exclude=[])', 'introspect': 'True', 'target_path': 'None', 'static_parser': 'True', 'send_anonymous_usage_stats': 'True'}
[0m16:09:42.720762 [info ] [MainThread]: dbt version: 1.7.19
[0m16:09:42.721760 [info ] [MainThread]: python version: 3.12.2
[0m16:09:42.721760 [info ] [MainThread]: python path: C:\Users\KARTIKEY\OneDrive\Desktop\fidelity\prj_middleware\env_middleware\Scripts\python.exe
[0m16:09:42.722797 [info ] [MainThread]: os info: Windows-11-10.0.22631-SP0
[0m16:09:42.848798 [info ] [MainThread]: Using profiles dir at C:\Users\KARTIKEY\.dbt
[0m16:09:42.849799 [info ] [MainThread]: Using profiles.yml file at C:\Users\KARTIKEY\.dbt\profiles.yml
[0m16:09:42.850799 [info ] [MainThread]: Using dbt_project.yml file at C:\Users\KARTIKEY\OneDrive\Desktop\fidelity\dbt\dbt_project.yml
[0m16:09:42.850799 [info ] [MainThread]: Configuration:
[0m16:09:42.852799 [info ] [MainThread]:   profiles.yml file [[31mERROR invalid[0m]
[0m16:09:42.852799 [info ] [MainThread]:   dbt_project.yml file [[31mERROR not found[0m]
[0m16:09:42.853800 [info ] [MainThread]: Required dependencies:
[0m16:09:42.854800 [debug] [MainThread]: Executing "git --help"
[0m16:09:42.899805 [debug] [MainThread]: STDOUT: "b"usage: git [-v | --version] [-h | --help] [-C <path>] [-c <name>=<value>]\n           [--exec-path[=<path>]] [--html-path] [--man-path] [--info-path]\n           [-p | --paginate | -P | --no-pager] [--no-replace-objects] [--no-lazy-fetch]\n           [--no-optional-locks] [--no-advice] [--bare] [--git-dir=<path>]\n           [--work-tree=<path>] [--namespace=<name>] [--config-env=<name>=<envvar>]\n           <command> [<args>]\n\nThese are common Git commands used in various situations:\n\nstart a working area (see also: git help tutorial)\n   clone      Clone a repository into a new directory\n   init       Create an empty Git repository or reinitialize an existing one\n\nwork on the current change (see also: git help everyday)\n   add        Add file contents to the index\n   mv         Move or rename a file, a directory, or a symlink\n   restore    Restore working tree files\n   rm         Remove files from the working tree and from the index\n\nexamine the history and state (see also: git help revisions)\n   bisect     Use binary search to find the commit that introduced a bug\n   diff       Show changes between commits, commit and working tree, etc\n   grep       Print lines matching a pattern\n   log        Show commit logs\n   show       Show various types of objects\n   status     Show the working tree status\n\ngrow, mark and tweak your common history\n   backfill   Download missing objects in a partial clone\n   branch     List, create, or delete branches\n   commit     Record changes to the repository\n   merge      Join two or more development histories together\n   rebase     Reapply commits on top of another base tip\n   reset      Reset current HEAD to the specified state\n   switch     Switch branches\n   tag        Create, list, delete or verify a tag object signed with GPG\n\ncollaborate (see also: git help workflows)\n   fetch      Download objects and refs from another repository\n   pull       Fetch from and integrate with another repository or a local branch\n   push       Update remote refs along with associated objects\n\n'git help -a' and 'git help -g' list available subcommands and some\nconcept guides. See 'git help <command>' or 'git help <concept>'\nto read about a specific subcommand or concept.\nSee 'git help git' for an overview of the system.\n""
[0m16:09:42.901829 [debug] [MainThread]: STDERR: "b''"
[0m16:09:42.901829 [info ] [MainThread]:  - git [[32mOK found[0m]

[0m16:09:42.902800 [info ] [MainThread]: Connection test skipped since no profile was found
[0m16:09:42.903800 [info ] [MainThread]: [31m2 checks failed:[0m
[0m16:09:42.904799 [info ] [MainThread]: Could not load dbt_project.yml
Profile loading failed for the following reason:
Runtime Error
  Credentials in profile "dbt_mysql", target "dev" invalid: ['schema'] is not valid under any of the given schemas


[0m16:09:42.906810 [info ] [MainThread]: Project loading failed for the following reason:
 project path <C:\Users\KARTIKEY\OneDrive\Desktop\fidelity\dbt\dbt_project.yml> not found

[0m16:09:42.908801 [debug] [MainThread]: Command `dbt debug` failed at 16:09:42.908801 after 0.32 seconds
[0m16:09:42.909840 [debug] [MainThread]: Sending event: {'category': 'dbt', 'action': 'invocation', 'label': 'end', 'context': [<snowplow_tracker.self_describing_json.SelfDescribingJson object at 0x00000204F5B2F350>, <snowplow_tracker.self_describing_json.SelfDescribingJson object at 0x00000204F5878200>, <snowplow_tracker.self_describing_json.SelfDescribingJson object at 0x00000204F5B569C0>]}
[0m16:09:42.910802 [debug] [MainThread]: Flushing usage events
[0m11:50:34.573881 [debug] [MainThread]: Sending event: {'category': 'dbt', 'action': 'invocation', 'label': 'start', 'context': [<snowplow_tracker.self_describing_json.SelfDescribingJson object at 0x00000190EC23A2A0>, <snowplow_tracker.self_describing_json.SelfDescribingJson object at 0x00000190EC23AFC0>, <snowplow_tracker.self_describing_json.SelfDescribingJson object at 0x00000190EC238980>]}


============================== 11:50:34.581881 | dea51612-9c0d-4ac7-95eb-278dc76f75d3 ==============================
[0m11:50:34.581881 [info ] [MainThread]: Running with dbt=1.7.19
[0m11:50:34.583885 [debug] [MainThread]: running dbt with arguments {'printer_width': '80', 'indirect_selection': 'eager', 'log_cache_events': 'False', 'write_json': 'True', 'partial_parse': 'True', 'cache_selected_only': 'False', 'profiles_dir': 'C:\\Users\\KARTIKEY\\.dbt', 'debug': 'False', 'warn_error': 'None', 'log_path': 'logs', 'version_check': 'True', 'fail_fast': 'False', 'use_colors': 'True', 'use_experimental_parser': 'False', 'no_print': 'None', 'quiet': 'False', 'warn_error_options': 'WarnErrorOptions(include=[], exclude=[])', 'static_parser': 'True', 'introspect': 'True', 'log_format': 'default', 'target_path': 'None', 'invocation_command': 'dbt init nestedquery', 'send_anonymous_usage_stats': 'True'}
[0m11:50:34.586882 [debug] [MainThread]: Starter project path: C:\Users\KARTIKEY\OneDrive\Desktop\fidelity\dbt\dbt_env\Lib\site-packages\dbt\include\starter_project
[0m11:50:34.620887 [info ] [MainThread]: 
Your new dbt project "nestedquery" was created!

For more information on how to configure the profiles.yml file,
please consult the dbt documentation here:

  https://docs.getdbt.com/docs/configure-your-profile

One more thing:

Need help? Don't hesitate to reach out to us via GitHub issues or on Slack:

  https://community.getdbt.com/

Happy modeling!

[0m11:50:34.624885 [info ] [MainThread]: Setting up your profile.
[0m11:50:43.025498 [debug] [MainThread]: Command `dbt init` succeeded at 11:50:43.024500 after 8.59 seconds
[0m11:50:43.025498 [debug] [MainThread]: Sending event: {'category': 'dbt', 'action': 'invocation', 'label': 'end', 'context': [<snowplow_tracker.self_describing_json.SelfDescribingJson object at 0x00000190EC20B020>, <snowplow_tracker.self_describing_json.SelfDescribingJson object at 0x00000190EC9BE090>, <snowplow_tracker.self_describing_json.SelfDescribingJson object at 0x00000190EBDCA840>]}
[0m11:50:43.026498 [debug] [MainThread]: Flushing usage events
